<?xml version="1.0" encoding="UTF-8"?>
<testsuite name="com.turbine.api.testCode01" tests="1" skipped="0" failures="0" errors="0" timestamp="2024-09-13T10:47:32" hostname="DESKTOP-BK3UBAQ" time="0.337">
  <properties/>
  <testcase name="test02()" classname="com.turbine.api.testCode01" time="0.337"/>
  <system-out><![CDATA[19:47:28.810 [Test worker] DEBUG org.springframework.test.context.BootstrapUtils - Instantiating CacheAwareContextLoaderDelegate from class [org.springframework.test.context.cache.DefaultCacheAwareContextLoaderDelegate]
19:47:28.825 [Test worker] DEBUG org.springframework.test.context.BootstrapUtils - Instantiating BootstrapContext using constructor [public org.springframework.test.context.support.DefaultBootstrapContext(java.lang.Class,org.springframework.test.context.CacheAwareContextLoaderDelegate)]
19:47:28.847 [Test worker] DEBUG org.springframework.test.context.BootstrapUtils - Instantiating TestContextBootstrapper for test class [com.turbine.api.testCode01] from class [org.springframework.boot.test.context.SpringBootTestContextBootstrapper]
19:47:28.855 [Test worker] INFO org.springframework.boot.test.context.SpringBootTestContextBootstrapper - Neither @ContextConfiguration nor @ContextHierarchy found for test class [com.turbine.api.testCode01], using SpringBootContextLoader
19:47:28.858 [Test worker] DEBUG org.springframework.test.context.support.AbstractContextLoader - Did not detect default resource location for test class [com.turbine.api.testCode01]: class path resource [com/turbine/api/testCode01-context.xml] does not exist
19:47:28.858 [Test worker] DEBUG org.springframework.test.context.support.AbstractContextLoader - Did not detect default resource location for test class [com.turbine.api.testCode01]: class path resource [com/turbine/api/testCode01Context.groovy] does not exist
19:47:28.859 [Test worker] INFO org.springframework.test.context.support.AbstractContextLoader - Could not detect default resource locations for test class [com.turbine.api.testCode01]: no resource found for suffixes {-context.xml, Context.groovy}.
19:47:28.859 [Test worker] INFO org.springframework.test.context.support.AnnotationConfigContextLoaderUtils - Could not detect default configuration classes for test class [com.turbine.api.testCode01]: testCode01 does not declare any static, non-private, non-final, nested classes annotated with @Configuration.
19:47:28.892 [Test worker] DEBUG org.springframework.test.context.support.ActiveProfilesUtils - Could not find an 'annotation declaring class' for annotation type [org.springframework.test.context.ActiveProfiles] and class [com.turbine.api.testCode01]
19:47:28.935 [Test worker] DEBUG org.springframework.context.annotation.ClassPathScanningCandidateComponentProvider - Identified candidate component class: file [C:\Users\bsm\Desktop\course\android\SpringBoot_API\TurbineAPI\build\classes\java\main\com\turbine\api\TurbineApiApplication.class]
19:47:28.936 [Test worker] INFO org.springframework.boot.test.context.SpringBootTestContextBootstrapper - Found @SpringBootConfiguration com.turbine.api.TurbineApiApplication for test class com.turbine.api.testCode01
19:47:29.015 [Test worker] DEBUG org.springframework.boot.test.context.SpringBootTestContextBootstrapper - @TestExecutionListeners is not present for class [com.turbine.api.testCode01]: using defaults.
19:47:29.015 [Test worker] INFO org.springframework.boot.test.context.SpringBootTestContextBootstrapper - Loaded default TestExecutionListener class names from location [META-INF/spring.factories]: [org.springframework.boot.test.autoconfigure.restdocs.RestDocsTestExecutionListener, org.springframework.boot.test.autoconfigure.web.client.MockRestServiceServerResetTestExecutionListener, org.springframework.boot.test.autoconfigure.web.servlet.MockMvcPrintOnlyOnFailureTestExecutionListener, org.springframework.boot.test.autoconfigure.web.servlet.WebDriverTestExecutionListener, org.springframework.boot.test.autoconfigure.webservices.client.MockWebServiceServerTestExecutionListener, org.springframework.boot.test.mock.mockito.MockitoTestExecutionListener, org.springframework.boot.test.mock.mockito.ResetMocksTestExecutionListener, org.springframework.test.context.web.ServletTestExecutionListener, org.springframework.test.context.support.DirtiesContextBeforeModesTestExecutionListener, org.springframework.test.context.event.ApplicationEventsTestExecutionListener, org.springframework.test.context.support.DependencyInjectionTestExecutionListener, org.springframework.test.context.support.DirtiesContextTestExecutionListener, org.springframework.test.context.transaction.TransactionalTestExecutionListener, org.springframework.test.context.jdbc.SqlScriptsTestExecutionListener, org.springframework.test.context.event.EventPublishingTestExecutionListener]
19:47:29.028 [Test worker] INFO org.springframework.boot.test.context.SpringBootTestContextBootstrapper - Using TestExecutionListeners: [org.springframework.test.context.web.ServletTestExecutionListener@54e81b21, org.springframework.test.context.support.DirtiesContextBeforeModesTestExecutionListener@38d5b107, org.springframework.test.context.event.ApplicationEventsTestExecutionListener@6650813a, org.springframework.boot.test.mock.mockito.MockitoTestExecutionListener@44ea608c, org.springframework.boot.test.autoconfigure.SpringBootDependencyInjectionTestExecutionListener@50cf5a23, org.springframework.test.context.support.DirtiesContextTestExecutionListener@450794b4, org.springframework.test.context.transaction.TransactionalTestExecutionListener@273c947f, org.springframework.test.context.jdbc.SqlScriptsTestExecutionListener@30457e14, org.springframework.test.context.event.EventPublishingTestExecutionListener@1af1347d, org.springframework.boot.test.autoconfigure.restdocs.RestDocsTestExecutionListener@632aa1a3, org.springframework.boot.test.autoconfigure.web.client.MockRestServiceServerResetTestExecutionListener@20765ed5, org.springframework.boot.test.autoconfigure.web.servlet.MockMvcPrintOnlyOnFailureTestExecutionListener@3b582111, org.springframework.boot.test.autoconfigure.web.servlet.WebDriverTestExecutionListener@2899a8db, org.springframework.boot.test.autoconfigure.webservices.client.MockWebServiceServerTestExecutionListener@1e8823d2, org.springframework.boot.test.mock.mockito.ResetMocksTestExecutionListener@c1a4620]
19:47:29.031 [Test worker] DEBUG org.springframework.test.context.support.AbstractDirtiesContextTestExecutionListener - Before test class: context [DefaultTestContext@61019f59 testClass = testCode01, testInstance = [null], testMethod = [null], testException = [null], mergedContextConfiguration = [WebMergedContextConfiguration@62e8f862 testClass = testCode01, locations = '{}', classes = '{class com.turbine.api.TurbineApiApplication}', contextInitializerClasses = '[]', activeProfiles = '{}', propertySourceLocations = '{}', propertySourceProperties = '{org.springframework.boot.test.context.SpringBootTestContextBootstrapper=true}', contextCustomizers = set[org.springframework.boot.test.autoconfigure.actuate.metrics.MetricsExportContextCustomizerFactory$DisableMetricExportContextCustomizer@5d018107, org.springframework.boot.test.autoconfigure.properties.PropertyMappingContextCustomizer@0, org.springframework.boot.test.autoconfigure.web.servlet.WebDriverContextCustomizerFactory$Customizer@458342d3, org.springframework.boot.test.context.filter.ExcludeFilterContextCustomizer@51e8e6e6, org.springframework.boot.test.json.DuplicateJsonObjectContextCustomizerFactory$DuplicateJsonObjectContextCustomizer@2dbf4cbd, org.springframework.boot.test.mock.mockito.MockitoContextCustomizer@0, org.springframework.boot.test.web.client.TestRestTemplateContextCustomizer@69637b10, org.springframework.boot.test.context.SpringBootTestArgs@1, org.springframework.boot.test.context.SpringBootTestWebEnvironment@7cb502c], resourceBasePath = 'src/main/webapp', contextLoader = 'org.springframework.boot.test.context.SpringBootContextLoader', parent = [null]], attributes = map['org.springframework.test.context.web.ServletTestExecutionListener.activateListener' -> true]], class annotated with @DirtiesContext [false] with mode [null].

  .   ____          _            __ _ _
 /\\ / ___'_ __ _ _(_)_ __  __ _ \ \ \ \
( ( )\___ | '_ | '_| | '_ \/ _` | \ \ \ \
 \\/  ___)| |_)| | | | | || (_| |  ) ) ) )
  '  |____| .__|_| |_|_| |_\__, | / / / /
 =========|_|==============|___/=/_/_/_/
 :: Spring Boot ::               (v2.7.18)

2024-09-13 19:47:29.274  INFO 4736 --- [    Test worker] com.turbine.api.testCode01               : Starting testCode01 using Java 11.0.23 on DESKTOP-BK3UBAQ with PID 4736 (started by bsm in C:\Users\bsm\Desktop\course\android\SpringBoot_API\TurbineAPI)
2024-09-13 19:47:29.276  INFO 4736 --- [    Test worker] com.turbine.api.testCode01               : No active profile set, falling back to 1 default profile: "default"
2024-09-13 19:47:29.779  INFO 4736 --- [    Test worker] .s.d.r.c.RepositoryConfigurationDelegate : Bootstrapping Spring Data JPA repositories in DEFAULT mode.
2024-09-13 19:47:29.823  INFO 4736 --- [    Test worker] .s.d.r.c.RepositoryConfigurationDelegate : Finished Spring Data repository scanning in 38 ms. Found 2 JPA repository interfaces.
2024-09-13 19:47:30.265  INFO 4736 --- [    Test worker] o.hibernate.jpa.internal.util.LogHelper  : HHH000204: Processing PersistenceUnitInfo [name: default]
2024-09-13 19:47:30.310  INFO 4736 --- [    Test worker] org.hibernate.Version                    : HHH000412: Hibernate ORM core version 5.6.15.Final
2024-09-13 19:47:30.439  INFO 4736 --- [    Test worker] o.hibernate.annotations.common.Version   : HCANN000001: Hibernate Commons Annotations {5.1.2.Final}
2024-09-13 19:47:30.528  INFO 4736 --- [    Test worker] com.zaxxer.hikari.HikariDataSource       : HikariPool-1 - Starting...
2024-09-13 19:47:30.702  INFO 4736 --- [    Test worker] com.zaxxer.hikari.HikariDataSource       : HikariPool-1 - Start completed.
2024-09-13 19:47:30.721  INFO 4736 --- [    Test worker] org.hibernate.dialect.Dialect            : HHH000400: Using dialect: org.hibernate.dialect.PostgreSQL10Dialect
2024-09-13 19:47:31.252  INFO 4736 --- [    Test worker] o.h.e.t.j.p.i.JtaPlatformInitiator       : HHH000490: Using JtaPlatform implementation: [org.hibernate.engine.transaction.jta.platform.internal.NoJtaPlatform]
2024-09-13 19:47:31.259  INFO 4736 --- [    Test worker] j.LocalContainerEntityManagerFactoryBean : Initialized JPA EntityManagerFactory for persistence unit 'default'
2024-09-13 19:47:31.800  WARN 4736 --- [    Test worker] JpaBaseConfiguration$JpaWebConfiguration : spring.jpa.open-in-view is enabled by default. Therefore, database queries may be performed during view rendering. Explicitly configure spring.jpa.open-in-view to disable this warning
2024-09-13 19:47:32.306  INFO 4736 --- [    Test worker] com.turbine.api.testCode01               : Started testCode01 in 3.249 seconds (JVM running for 4.233)
Hibernate: 
    insert 
    into
        marker
        (bno, degree, latitude, longitude, model, regdate, update
            ) 
        values
            (?, ?, ?, ?, ?, ?, ?)
Hibernate: 
    select
        marker0_.mno as mno1_1_,
        marker0_.bno as bno2_1_,
        marker0_.degree as degree3_1_,
        marker0_.latitude as latitude4_1_,
        marker0_.longitude as longitud5_1_,
        marker0_.model as model6_1_,
        marker0_.regdate as regdate7_1_,
        marker0_.update as update8_1_ 
    from
        marker marker0_ 
    where
        marker0_.bno=? 
    order by
        marker0_.regdate asc limit ?
Marker(mno=2, regdate=9/13/24, 7:47 PM, update=9/13/24, 7:47 PM, degree=230, latitude=37.481231, longitude=126.873596, bno=7, model=temp)
]]></system-out>
  <system-err><![CDATA[]]></system-err>
</testsuite>
